RXSDK/RXSDK-Android/rxsdk_base/consumer-rules.pro
#-obfuscationdictionary dic.txt
#-classobfuscationdictionary dic.txt
-packageobfuscationdictionary dic.txt