RXSDK/RXSDK-Android/rxsdk_base/build/outputs/mapping/release/seeds.txt
com.ruixue.base.R$xml
com.ruixue.base.QueuedWork$DialogThread
com.ruixue.base.BusinessMgr$PopupsCache
com.ruixue.base.BusinessMgr
com.ruixue.base.Downloader$OnFinishCallback
com.ruixue.base.BusinessData$PopupsBean
com.ruixue.base.R$layout
com.ruixue.base.DownloadReceiver
com.ruixue.base.ConfigurationSetting
com.ruixue.base.QueuedWork$AsyncTask
com.ruixue.base.LogHelper$LogBean
com.ruixue.base.CaptchaPurpose$CaptchaPurposeDef
com.ruixue.base.LocaleContextWrapper
com.ruixue.base.R$id
com.ruixue.base.R$attr
com.ruixue.base.TrackDeviceInfoMgr
com.ruixue.base.R$animator
com.ruixue.base.BuildConfig
com.ruixue.base.BusinessMgr$BusinessDataListener
com.ruixue.base.SdkInfo$Builder
com.ruixue.base.SdkInfo
com.ruixue.base.TrackDataMgr$OnGetPublicProperties
com.ruixue.base.UserActionTrackManager
com.ruixue.base.Command
com.ruixue.base.ClipboardData
com.ruixue.base.R$integer
com.ruixue.base.LogHelper
com.ruixue.base.TrackDataMgr
com.ruixue.base.R$styleable
com.ruixue.base.BusinessData$MainWindowList
com.ruixue.base.PluginPayManager
com.ruixue.base.BusinessData$AutoPopups
com.ruixue.base.R$string
com.ruixue.base.RXDataCache
com.ruixue.base.LogHelper$GrailsDomainExclusionStrategy
com.ruixue.base.TrackAppInstallMgr
com.ruixue.base.R$color
com.ruixue.base.Downloader
com.ruixue.base.R$bool
com.ruixue.base.R$drawable
com.ruixue.base.CaptchaPurpose
com.ruixue.base.EventTracker
com.ruixue.base.AndroidBugFix
com.ruixue.base.PresetEventHelper
com.ruixue.base.R$anim
com.ruixue.base.BusinessData
com.ruixue.base.R$style
com.ruixue.base.QueuedWork
com.ruixue.base.R
com.ruixue.base.R$dimen
com.ruixue.base.R$styleable: int AppCompatTheme_spinnerDropDownItemStyle
com.ruixue.base.R$id: int fragment_container_view_tag
com.ruixue.base.R$drawable: int abc_btn_switch_to_on_mtrl_00001
com.ruixue.base.R$styleable: int AppCompatImageView_tint
com.ruixue.base.R$dimen: int dp_103
com.ruixue.base.R$style: int ThemeOverlay_AppCompat_Dialog_Alert
com.ruixue.base.R$dimen: int keyboard_horizontalGap
com.ruixue.base.BuildConfig: java.lang.String BUILD_TYPE
com.ruixue.base.R$style: int Base_TextAppearance_AppCompat_Widget_ActionMode_Subtitle
com.ruixue.base.R$id: int accessibility_custom_action_23
com.ruixue.base.PresetEventHelper: java.lang.String CLICK_EMAIL_REGISTER
com.ruixue.base.R$styleable: int DrawerArrowToggle_gapBetweenBars
com.ruixue.base.R$id: int accessibility_custom_action_18
com.ruixue.base.LogHelper$LogBean: java.lang.String result
com.ruixue.base.R$attr: int allowStacking
com.ruixue.base.R$styleable: int AppCompatTheme_actionModeCloseButtonStyle
com.ruixue.base.R$drawable: int abc_cab_background_top_material
com.ruixue.base.R$styleable: int ActionBar_displayOptions
com.ruixue.base.SdkInfo: java.lang.String ext
com.ruixue.base.R$style: int Theme_AppCompat
com.ruixue.base.R$style: int Base_TextAppearance_AppCompat_Subhead
com.ruixue.base.R$dimen: int notification_subtext_size
com.ruixue.base.R$id: int info
com.ruixue.base.R$dimen: int abc_floating_window_z
com.ruixue.base.R$styleable: int AppCompatTheme_panelMenuListTheme
com.ruixue.base.R$dimen: int dp_213
com.ruixue.base.R$style: int Base_Widget_AppCompat_RatingBar
com.ruixue.base.R$style: int Base_V23_Theme_AppCompat_Light
com.ruixue.base.R$dimen: int tooltip_precise_anchor_extra_offset
com.ruixue.base.PresetEventHelper: java.lang.String OBTAIN_PHONE_CODE_FAILED
com.ruixue.base.R$dimen: int dp_305
com.ruixue.base.R$dimen: int abc_switch_padding
com.ruixue.base.R$styleable: int AppCompatTheme_tooltipFrameBackground
com.ruixue.base.R$dimen: int dp_m_2
com.ruixue.base.R$style: int RtlOverlay_Widget_AppCompat_PopupMenuItem_Text
com.ruixue.base.R$dimen: int dp_45
com.ruixue.base.R$string: int abc_font_family_display_4_material
com.ruixue.base.R$dimen: int notification_action_icon_size
com.ruixue.base.R$dimen: int dp_112
com.ruixue.base.R$styleable: int Toolbar_contentInsetEndWithActions
com.ruixue.base.R$attr: int textAppearancePopupMenuHeader
...
com.ruixue.openapi.IRXSdkApi: void updateApp(java.lang.String,java.lang.String,java.util.Map,com.ruixue.callback.RXStringCallback)
com.ruixue.openapi.RXApiHelper: com.ruixue.net.RXRequest createApiRequest(java.lang.String,java.util.Map)
com.ruixue.model.BusinessBean$ListBean$ButtonListBean$WindowListBean$GiftListBean$CreatorBeanX: void setName(java.lang.String)
com.ruixue.dnsmanager.DNSRequestUtill: java.lang.String toResponseResult(java.net.HttpURLConnection)
com.ruixue.oss.model.ListObjectsResult: java.util.List getCommonPrefixes()
com.ruixue.oss.model.CopyObjectRequest: CopyObjectRequest(java.lang.String,java.lang.String,java.lang.String,java.lang.String)
com.ruixue.core.rxid.aidl.com.samsung.android.deviceidservice.IDeviceIdService$Default: java.lang.String getVAID(java.lang.String)
com.ruixue.oss.model.AppendObjectResult: long getNextPosition()
com.ruixue.openapi.RXSdkApi: void hasRelation(java.util.Map,com.ruixue.RXJSONCallback)
com.ruixue.update.UpdateAppParams: com.ruixue.update.UpdateAppParams setGameId(java.lang.String)
com.ruixue.core.rxid.compat.Oaid: com.ruixue.core.rxid.compat.Oaid$IIdentifierListener a()
com.ruixue.openapi.RXLoginUIConfig: void setDeregisterShow(boolean)
com.ruixue.oss.model.CompleteMultipartUploadRequest: void setMetadata(com.ruixue.oss.model.ObjectMetadata)
com.ruixue.passport.LoginData: void removeExtKey(java.lang.String)
com.ruixue.oss.common.auth.OSSAuthCredentialsProvider$AuthDecoder: java.lang.String decode(java.lang.String)
com.ruixue.openapi.GameInfo: void setRoleName(java.lang.String)
com.ruixue.view.CaptchaVerifyView: int getResId()
com.ruixue.utils.GZIPUtils: byte[] uncompress(byte[])
com.ruixue.oss.internal.OSSAsyncTask: boolean isCompleted()
com.ruixue.openapi.IRXRequest: void postAsync(com.ruixue.RXJSONCallback)
com.ruixue.promo.PromoCodeManager: void getCode(boolean,com.ruixue.RXJSONCallback)
com.ruixue.utils.JSONUtil: boolean jsonObjectContainsValue(org.json.JSONObject,java.lang.Object)
com.ruixue.RuiXueSdk: void setInitParams(java.lang.String,java.lang.String,java.lang.String,java.util.List)
com.ruixue.net.RXRequest: void getAsync(com.ruixue.RXJSONCallback)
com.ruixue.openapi.module.PassportModule: boolean verifyCaptcha(com.ruixue.openapi.CaptchaType,java.lang.String,java.lang.String,java.lang.String,com.ruixue.RXRequestCallback)
com.ruixue.oss.model.CopyObjectRequest: java.util.List getMatchingETagConstraints()
com.ruixue.openapi.IRXSdkApi: void pay(android.app.Activity,java.util.Map,com.ruixue.RXJSONCallback)
com.ruixue.core.rxid.aidl.com.coolpad.deviceidsupport.IDeviceIdManager$Stub: boolean onTransact(int,android.os.Parcel,android.os.Parcel,int)
com.ruixue.openapi.RXSDK: void deletePublicProperties(java.lang.String)
com.ruixue.share.ShareData$StrategyBean: java.lang.String getChannel_id()
com.ruixue.openapi.LoginUIConfig: java.lang.String getPrivacyOneStr()
com.ruixue.oss.model.ResumableUploadRequest: ResumableUploadRequest(java.lang.String,java.lang.String,android.net.Uri,com.ruixue.oss.model.ObjectMetadata)
com.ruixue.openapi.RXGlobalData: boolean isShowDeregister()
com.ruixue.oss.OSSClient: OSSClient(android.content.Context,com.ruixue.oss.common.auth.OSSCredentialProvider,com.ruixue.oss.ClientConfiguration)
com.ruixue.openapi.RXApplication: void onTerminate()
com.ruixue.oss.model.MultipartUploadRequest: com.ruixue.oss.model.ObjectMetadata getMetadata()
com.ruixue.widget.BaseDialog: void hideSoftKeyBoard(android.view.Window)
com.ruixue.oss.model.ListMultipartUploadsRequest: java.lang.String getEncodingType()
com.ruixue.billing.OrderData: com.ruixue.billing.OrderData fromJson(org.json.JSONObject)
com.ruixue.oss.model.PartSummary: java.util.Date getLastModified()
com.ruixue.openapi.RXSDK: java.lang.String getChannel()
com.ruixue.model.BusinessBean$ListBean$ButtonListBean$WindowListBean$GiftListBean$BuyTypeBean: void setId(java.lang.Integer)
com.ruixue.openapi.RXDeregisterConfig: void setThirdParams(java.util.Map)