RXSDK/RXSDK-Android/rxsdk_base/build/outputs/mapping/release/mapping.txt
# compiler: R8
# compiler_version: 8.3.37
# common_typos_disable
# {"id":"com.android.tools.r8.mapping","version":"2.2"}
# pg_map_id: 9261471
# pg_map_hash: SHA-256 92614710e260ff21834428f4ebcd6d66e6246c811bbd84c24eb605ada3f81ef2
com.ruixue.base.AndroidBugFix -> com.ruixue.base.AndroidBugFix:
# {"id":"sourceFile","fileName":"AndroidBugFix.java"}
    android.view.View mChildOfContent -> a
    int usableHeightPrevious -> b
    android.widget.FrameLayout$LayoutParams frameLayoutParams -> c
    1:6:void <init>(android.view.View):18:23 -> <init>
    1:3:int computeUsableHeight():54:56 -> a
    1:3:void possiblyResizeChildOfContent():27 -> a
    4:24:void possiblyResizeChildOfContent():28:48 -> a
    1:1:void rocFix(android.view.View):11:11 -> rocFix
com.ruixue.base.BuildConfig -> com.ruixue.base.BuildConfig:
# {"id":"sourceFile","fileName":"BuildConfig.java"}
com.ruixue.base.BusinessData -> com.ruixue.base.BusinessData:
# {"id":"sourceFile","fileName":"BusinessData.java"}
    org.json.JSONObject originData -> a
    1:2:com.ruixue.base.BusinessData fromJson(org.json.JSONObject):191:192 -> fromJson
    1:1:java.util.List getMainWindowList():62:62 -> getMainWindowList
    1:1:org.json.JSONObject getOriginData():182:182 -> getOriginData
    1:1:long getRefreshTime():70:70 -> getRefreshTime
    1:1:java.lang.String getVersion():37:37 -> getVersion
    1:1:java.util.List getWindowList():78:78 -> getWindowList
    1:1:boolean isHitCache():48:48 -> isHitCache
    1:1:void setMainWindowList(java.util.List):66:66 -> setMainWindowList
    1:1:void setOriginData(org.json.JSONObject):186:186 -> setOriginData
    1:1:void setRefreshTime(long):74:74 -> setRefreshTime
    1:1:void setVersion(java.lang.String):41:41 -> setVersion
    1:1:void setWindowList(java.util.List):82:82 -> setWindowList
    1:1:org.json.JSONObject toJSONObject():197:197 -> toJSONObject
com.ruixue.base.BusinessData$AutoPopups -> com.ruixue.base.BusinessData$AutoPopups:
# {"id":"sourceFile","fileName":"BusinessData.java"}
    1:1:void <init>():132:132 -> <init>
    1:1:int getDayLimit():134:134 -> getDayLimit
com.ruixue.base.BusinessData$MainWindowList -> com.ruixue.base.BusinessData$MainWindowList:
# {"id":"sourceFile","fileName":"BusinessData.java"}
    1:1:java.util.Map getAutoPopups():119:119 -> getAutoPopups
    1:1:java.util.Map getPopups():123:123 -> getPopups
    1:1:java.lang.String getWindowKey():111:111 -> getWindowKey
    1:1:void setWindowKey(java.lang.String):115:115 -> setWindowKey
com.ruixue.base.BusinessData$PopupsBean -> com.ruixue.base.BusinessData$PopupsBean:
# {"id":"sourceFile","fileName":"BusinessData.java"}
    1:1:int compareTo(java.lang.Object):144:144 -> compareTo
    2:2:int compareTo(com.ruixue.base.BusinessData$PopupsBean):175:175 -> compareTo
    1:1:java.lang.Long getIndex():158:158 -> getIndex
    1:1:java.lang.String getWindowKey():166:166 -> getWindowKey
    1:1:void setIndex(java.lang.Long):162:162 -> setIndex
    1:1:void setWindowKey(java.lang.String):170:170 -> setWindowKey
...
com.ruixue.logger.LogcatLogStrategy -> com.ruixue.logger.LogcatLogStrategy:
# {"id":"sourceFile","fileName":"LogcatLogStrategy.java"}
    1:1:java.lang.Object com.ruixue.logger.Utils.checkNotNull(java.lang.Object):154:154 -> log
    1:1:void log(int,java.lang.String,java.lang.String):21 -> log
    2:5:void log(int,java.lang.String,java.lang.String):24:27 -> log
com.ruixue.logger.Logger -> com.ruixue.logger.Logger:
# {"id":"sourceFile","fileName":"Logger.java"}
    com.ruixue.logger.Printer printer -> a
    1:1:void <clinit>():77:77 -> <clinit>
    1:1:void <init>():79:79 -> <init>
    1:1:void addLogAdapter(com.ruixue.logger.LogAdapter):88:88 -> addLogAdapter
    2:2:java.lang.Object com.ruixue.logger.Utils.checkNotNull(java.lang.Object):154:154 -> addLogAdapter
    2:2:void addLogAdapter(com.ruixue.logger.LogAdapter):88 -> addLogAdapter
    3:3:void addLogAdapter(com.ruixue.logger.LogAdapter):88:88 -> addLogAdapter
    1:1:void clearLogAdapters():92:92 -> clearLogAdapters
    1:1:void d(java.lang.String,java.lang.Object[]):112:112 -> d
    2:2:void d(java.lang.Object):116:116 -> d
    1:1:void e(java.lang.String,java.lang.Object[]):120:120 -> e
    2:2:void e(java.lang.Throwable,java.lang.String,java.lang.Object[]):124:124 -> e
    1:1:void i(java.lang.String,java.lang.Object[]):128:128 -> i
    1:1:void json(java.lang.String):151:151 -> json
    1:1:void log(int,java.lang.String,java.lang.String,java.lang.Throwable):108:108 -> log
    1:1:java.lang.Object com.ruixue.logger.Utils.checkNotNull(java.lang.Object):154:154 -> printer
    1:1:void printer(com.ruixue.logger.Printer):84 -> printer
    2:2:void printer(com.ruixue.logger.Printer):84:84 -> printer
    1:1:com.ruixue.logger.Printer t(java.lang.String):101:101 -> t
    1:1:void v(java.lang.String,java.lang.Object[]):132:132 -> v
com.ruixue.logger.LoggerPrinter -> OooO0o0.m:
# {"id":"sourceFile","fileName":"LoggerPrinter.java"}
    java.lang.ThreadLocal localTag -> a
    java.util.List logAdapters -> b
      # {"id":"com.android.tools.r8.residualsignature","signature":"Ljava/util/ArrayList;"}
    1:45:void <init>():0:44 -> <init>
    1:1:void log(int,java.lang.Throwable,java.lang.String,java.lang.Object[]):0:0 -> a
    2:2:java.lang.Object com.ruixue.logger.Utils.checkNotNull(java.lang.Object):154:154 -> a
    2:2:void log(int,java.lang.Throwable,java.lang.String,java.lang.Object[]):164 -> a
    3:5:java.lang.String getTag():175:177 -> a
    3:5:void log(int,java.lang.Throwable,java.lang.String,java.lang.Object[]):166 -> a
    6:6:java.lang.String createMessage(java.lang.String,java.lang.Object[]):184:184 -> a
    6:6:void log(int,java.lang.Throwable,java.lang.String,java.lang.Object[]):167 -> a
    7:7:void log(int,java.lang.Throwable,java.lang.String,java.lang.Object[]):168:168 -> a
    1:155:void addAdapter(com.ruixue.logger.LogAdapter):0:154 -> addAdapter
    156:156:java.lang.Object com.ruixue.logger.Utils.checkNotNull(java.lang.Object):154:154 -> addAdapter
    156:156:void addAdapter(com.ruixue.logger.LogAdapter):154 -> addAdapter
    157:157:void addAdapter(com.ruixue.logger.LogAdapter):154:154 -> addAdapter
    1:151:void clearLogAdapters():0:150 -> clearLogAdapters
    1:1:void d(java.lang.Object):0:0 -> d