RXSDK/RXSDK-Android/rxsdk_base/build/outputs/mapping/release/usage.txt
com.ruixue.base.BusinessMgr$Single:
    private void <init>()
com.ruixue.base.BusinessMgr:
    private static final java.lang.String PREFERENCE_NAME_PREFIX
com.ruixue.base.ClipboardData:
    static final java.lang.String RX_TYPE
com.ruixue.base.Command:
    abstract java.lang.String execute(java.lang.String)
com.ruixue.base.Downloader:
    private void startInstallPermissionSettingActivity()
com.ruixue.base.SdkInfo:
    void <init>(java.lang.String,java.lang.String,java.lang.String,java.lang.String)
com.ruixue.base.TrackAppInstallMgr:
    private static final java.lang.String TRACK_CLASS
com.ruixue.base.TrackDataMgr$DataHandle:
    private static final int FLUSH_QUEUE
    private static final java.lang.String PREFERENCE_NAME_PREFIX
    private static final int SAVE_DADA
com.ruixue.base.TrackDataMgr$Single:
    private void <init>()
com.ruixue.base.TrackDataMgr:
    private static final java.lang.String PREFERENCE_NAME_PREFIX
com.ruixue.base.TrackDataMgrV2$1
com.ruixue.base.TrackDataMgrV2$2
com.ruixue.base.TrackDataMgrV2$3
com.ruixue.base.TrackDataMgrV2$FlushHandler
com.ruixue.base.TrackDataMgrV2
com.ruixue.base.TrackDeviceInfoMgr:
    private static final java.lang.String DEVICE_TRACK_CONFIG_CLASS
    private static final java.lang.String DEVICE_TRACK_DEVICENAME_CLASS
    private static final java.lang.String DEVICE_TRACK_NETTYPE_CLASS
com.ruixue.base.UserActionTrackManager$DataHandler:
    private static final int FLUSH_QUEUE
com.ruixue.base.UserActionTrackManager$Single:
    private void <init>()
com.ruixue.base.UserActionTrackManager:
    private static final java.lang.String FIRST_SAVE_DATA_TIME_KEY
    private static final int FLUSH_INTERVAL
    private static final int FLUSH_MAX_COUNT
    private static final java.lang.String PREFERENCE_NAME_PREFIX
    private static final java.lang.String STOP_TRACK_USER_ACTION_KEY
    private static final java.lang.String USER_ACTION_TIMEOUT_KEY
com.ruixue.base.AndroidBugFix:
    public static int computeUsableHeight()
com.ruixue.base.BusinessMgr$1:
    public final void onFailed(org.json.JSONObject)
    public final void onSuccess(org.json.JSONObject)
com.ruixue.base.BusinessMgr$2:
    public final void onFailed(org.json.JSONObject)
    public final void onSuccess(org.json.JSONObject)
com.ruixue.base.BusinessMgr$PopupsCache:
    public int day_limit
    public static com.ruixue.base.BusinessMgr$PopupsCache getPopupsCache(java.lang.String)
com.ruixue.base.BusinessMgr:
    public static com.ruixue.base.BusinessData$MainWindowList getMainWindow()
    public static java.util.List getPopupsBeanList()
com.ruixue.base.Downloader$DownloadChangeObserver:
    public final android.os.Handler handler
com.ruixue.base.Downloader:
    public int Code_INSTALLPACKAGES
    public static final java.lang.String TAG
    static void <clinit>()
    public static boolean checkInstallPermission()
com.ruixue.base.QueuedWork$DialogThread:
    public android.app.Dialog dialog
com.ruixue.base.RXDataCache$1:
    public final void onFailed(org.json.JSONObject)
    public final void onSuccess(org.json.JSONObject)
com.ruixue.base.TrackDataMgr$1:
    public final void onFailed(org.json.JSONObject)
    public final void onSuccess(org.json.JSONObject)
com.ruixue.base.TrackDataMgr$2:
    public final void onFailed(org.json.JSONObject)
    public final void onSuccess(org.json.JSONObject)
com.ruixue.base.TrackDataMgr$3:
    public final void onFailed(org.json.JSONObject)
    public final void onSuccess(org.json.JSONObject)
com.ruixue.base.TrackDataMgr$4:
    public final synthetic com.ruixue.base.TrackDataMgr this$0
com.ruixue.base.TrackDataMgr$DataHandle:
    public static void checkSendStrategy()
com.ruixue.base.TrackDataMgr:
    static void <clinit>()
    public static void handlePay()
    public static void parseAdvertiseChannelCfg()
    public static void updateServerTimeOffset(java.lang.String)
...
com.ruixue.promo.PromoCodeManager$Single:
    private void <init>()
com.ruixue.promo.PromoCodeManager:
    private static final long MIN_INTERVAL_SECONDS
com.ruixue.reflect.BuglyManager:
    private static final java.lang.String PLUGIN_NAME
com.ruixue.reflect.OaidManager:
    private static final java.lang.String PLUGIN_NAME
com.ruixue.reflect.OpenInstallManager:
    private static final java.lang.String OPEN_INSTALL_OS_SDK_CLASS
    private static final java.lang.String OPEN_INSTALL_SDK_CLASS
com.ruixue.reflect.ReflectManager:
    private static final java.lang.String CLASS_NAME
com.ruixue.reflect.WXManager:
    private static final java.lang.String PLUGIN_NAME
com.ruixue.share.system.SystemShare:
    private static final java.lang.String TAG
com.ruixue.share.system.SystemShareImpl$Single:
    void <init>()
com.ruixue.storage.RXPreference:
    private static final java.lang.String FILE_NAME
com.ruixue.storage.SharedPreferencesLoader$Single:
    void <init>()
com.ruixue.storage.SharedPreferencesStorage:
    private static final long SP_LOAD_TIMEOUT_MS
com.ruixue.storage.StorageDateMark$Single:
    void <init>()
com.ruixue.storage.StorageDateMark:
    private static final java.lang.String PREFERENCE_NAME
com.ruixue.storage.StorageLoginNum$Single:
    private void <init>()
com.ruixue.storage.StorageLoginNum:
    private static final java.lang.String PREFERENCE_NAME
com.ruixue.utils.AESUtil$PaddingMode
com.ruixue.utils.AESUtil:
    static final java.lang.String DEFAULT_ASE_KEY
    static final java.lang.String DEFAULT_IV_PARAMETER
    static final java.lang.String KEY_ALGORITHM
    static final int KEY_LENGTH_128
    static final int KEY_LENGTH_192
    static final int KEY_LENGTH_256
    static final java.lang.String PADDING
    private static final java.lang.String PADDING_FOR_CIPHER
    static final java.lang.String PADDING_MODE_PKCS5
    static final java.lang.String PADDING_MODE_PKCS7
    static final java.lang.String PADDING_MODE_ZERO
    private static final java.lang.String PADDING_NONE
    private static java.lang.String paddingSecretKey(java.lang.String,int)
com.ruixue.utils.FileUtil:
    private static final java.lang.String TAG
com.ruixue.utils.ImageUtil:
    private static byte[] compress(java.io.File,android.graphics.Bitmap$CompressFormat,int,int)
    private static byte[] compress(byte[],android.graphics.Bitmap$CompressFormat,int,int)
    private static android.graphics.BitmapFactory$Options createOptions(byte[],int,int)
    private static byte[] toBytes(android.graphics.Bitmap,android.graphics.Bitmap$CompressFormat)
com.ruixue.utils.ListUtil$CharSequenceAsList
com.ruixue.utils.LoadingDialog:
    private void <init>(android.content.Context,int)
com.ruixue.utils.MapUtil:
    private static final java.lang.String INDENT_STRING
    private static void printIndent(java.io.PrintStream,int)
com.ruixue.utils.MediaDownload:
    private static final java.lang.String GUID_FILE_NAME_EXT
    private static final java.lang.String GUID_MIME_TYPE
    private static final java.lang.String TEMP_DIR
com.ruixue.utils.QRCodeUtil:
    private static final int QUIET_ZONE_SIZE
com.ruixue.utils.StringUtils:
    private static final char LRM
    private static final char RLM
com.ruixue.utils.ThreadUtils$Companion:
    private void <init>()
com.ruixue.utils.ThreadUtils$MyTask
com.ruixue.utils.ThreadUtils:
    private static final java.lang.String TAG
    private static final int THREAD_COUNT
com.ruixue.RXCallbackWrapper:
    public final void cancelTimeout()
com.ruixue.RXJSONCallback$1:
    public final void onFailed(org.json.JSONObject)
    public final void onSuccess(org.json.JSONObject)
com.ruixue.RXSdkInitConfig$1:
    public final synthetic com.ruixue.RXSdkInitConfig this$0
com.ruixue.RXSdkInitializer$1:
    public final void onFailed(org.json.JSONObject)
    public final void onSuccess(org.json.JSONObject)